0 info it worked if it ends with ok
1 verbose cli [ 'D:\\node.exe',
1 verbose cli   'D:\\node_modules\\npm\\bin\\npm-cli.js',
1 verbose cli   'i',
1 verbose cli   'fe7' ]
2 info using npm@3.10.10
3 info using node@v6.11.0
4 silly loadCurrentTree Starting
5 silly install loadCurrentTree
6 silly install readLocalPackageData
7 silly fetchPackageMetaData fe7
8 silly fetchNamedPackageData fe7
9 silly mapToRegistry name fe7
10 silly mapToRegistry using default registry
11 silly mapToRegistry registry https://registry.npmjs.org/
12 silly mapToRegistry data Result {
12 silly mapToRegistry   raw: 'fe7',
12 silly mapToRegistry   scope: null,
12 silly mapToRegistry   escapedName: 'fe7',
12 silly mapToRegistry   name: 'fe7',
12 silly mapToRegistry   rawSpec: '',
12 silly mapToRegistry   spec: 'latest',
12 silly mapToRegistry   type: 'tag' }
13 silly mapToRegistry uri https://registry.npmjs.org/fe7
14 verbose request uri https://registry.npmjs.org/fe7
15 verbose request no auth needed
16 info attempt registry request try #1 at 14:46:49
17 verbose request id 65b6c0c1e38fe9cd
18 verbose etag W/"5951fe7e-528"
19 verbose lastModified Tue, 27 Jun 2017 06:43:10 GMT
20 http request GET https://registry.npmjs.org/fe7
21 http 304 https://registry.npmjs.org/fe7
22 verbose headers { date: 'Tue, 27 Jun 2017 06:46:52 GMT',
22 verbose headers   via: '1.1 varnish',
22 verbose headers   'cache-control': 'max-age=300',
22 verbose headers   etag: 'W/"5951fe7e-528"',
22 verbose headers   age: '90',
22 verbose headers   connection: 'keep-alive',
22 verbose headers   'x-served-by': 'cache-nrt6134-NRT',
22 verbose headers   'x-cache': 'HIT',
22 verbose headers   'x-cache-hits': '1',
22 verbose headers   'x-timer': 'S1498546013.719864,VS0,VE0',
22 verbose headers   vary: 'Accept-Encoding' }
23 silly get cb [ 304,
23 silly get   { date: 'Tue, 27 Jun 2017 06:46:52 GMT',
23 silly get     via: '1.1 varnish',
23 silly get     'cache-control': 'max-age=300',
23 silly get     etag: 'W/"5951fe7e-528"',
23 silly get     age: '90',
23 silly get     connection: 'keep-alive',
23 silly get     'x-served-by': 'cache-nrt6134-NRT',
23 silly get     'x-cache': 'HIT',
23 silly get     'x-cache-hits': '1',
23 silly get     'x-timer': 'S1498546013.719864,VS0,VE0',
23 silly get     vary: 'Accept-Encoding' } ]
24 verbose etag https://registry.npmjs.org/fe7 from cache
25 verbose get saving fe7 to C:\Users\Administrator\AppData\Roaming\npm-cache\registry.npmjs.org\fe7\.cache.json
26 verbose correctMkdir C:\Users\Administrator\AppData\Roaming\npm-cache correctMkdir not in flight; initializing
27 silly install normalizeTree
28 silly loadCurrentTree Finishing
29 silly loadIdealTree Starting
30 silly install loadIdealTree
31 silly cloneCurrentTree Starting
32 silly install cloneCurrentTreeToIdealTree
33 silly cloneCurrentTree Finishing
34 silly loadShrinkwrap Starting
35 silly install loadShrinkwrap
36 silly loadShrinkwrap Finishing
37 silly loadAllDepsIntoIdealTree Starting
38 silly install loadAllDepsIntoIdealTree
39 silly rollbackFailedOptional Starting
40 silly rollbackFailedOptional Finishing
41 silly runTopLevelLifecycles Finishing
42 silly install printInstalled
43 verbose stack Error: Refusing to install fe7 as a dependency of itself
43 verbose stack     at checkSelf (D:\node_modules\npm\lib\install\validate-args.js:53:14)
43 verbose stack     at Array.<anonymous> (D:\node_modules\npm\node_modules\slide\lib\bind-actor.js:15:8)
43 verbose stack     at LOOP (D:\node_modules\npm\node_modules\slide\lib\chain.js:15:14)
43 verbose stack     at chain (D:\node_modules\npm\node_modules\slide\lib\chain.js:20:5)
43 verbose stack     at D:\node_modules\npm\lib\install\validate-args.js:16:5
43 verbose stack     at D:\node_modules\npm\node_modules\slide\lib\async-map.js:52:35
43 verbose stack     at Array.forEach (native)
43 verbose stack     at D:\node_modules\npm\node_modules\slide\lib\async-map.js:52:11
43 verbose stack     at Array.forEach (native)
43 verbose stack     at asyncMap (D:\node_modules\npm\node_modules\slide\lib\async-map.js:51:8)
44 verbose cwd D:\myphp\youdaoapp\dome1\fe7\dome
45 error Windows_NT 6.1.7601
46 error argv "D:\\node.exe" "D:\\node_modules\\npm\\bin\\npm-cli.js" "i" "fe7"
47 error node v6.11.0
48 error npm  v3.10.10
49 error code ENOSELF
50 error Refusing to install fe7 as a dependency of itself
51 error If you need help, you may report this error at:
51 error     <https://github.com/npm/npm/issues>
52 verbose exit [ 1, true ]
